<?xml version="1.0" encoding="UTF-8"?>
<beans xmlns="http://www.springframework.org/schema/beans"
	xmlns:xsi="http://www.w3.org/2001/XMLSchema-instance"
	xmlns:context="http://www.springframework.org/schema/context"
	xmlns:mvc="http://www.springframework.org/schema/mvc"
	xmlns:tx="http://www.springframework.org/schema/tx"
	xsi:schemaLocation="http://www.springframework.org/schema/beans http://www.springframework.org/schema/beans/spring-beans.xsd
		http://www.springframework.org/schema/context http://www.springframework.org/schema/context/spring-context-4.3.xsd
		http://www.springframework.org/schema/mvc http://www.springframework.org/schema/mvc/spring-mvc-4.3.xsd
		http://www.springframework.org/schema/tx
		http://www.springframework.org/schema/tx/spring-tx.xsd">
 	
 	
	<context:component-scan base-package="com.patrickdizon.test"></context:component-scan>
	
	<mvc:annotation-driven></mvc:annotation-driven>
	
	<!-- <bean id="propertyPlaceholderConfigurer" class="org.springframework.beans.factory.config.PropertyPlaceholderConfigurer">
	 	<property name="locations">
	 	<list>
	 		<value>classpath:application.properties</value>
	 		<value>${applicationProperties}</value>    
	 	</list>
	 	</property>
	</bean> -->
	<bean id="propertyPlaceholderConfigurer"
      class="org.springframework.beans.factory.config.PropertyPlaceholderConfigurer">
      <property name="ignoreResourceNotFound" value="false" />
      <property name="ignoreUnresolvablePlaceholders" value="true" />
      <property name="searchSystemEnvironment" value="false" />
      <property name="locations">
         <list>
            <value>classpath:${applicationProperties:application.debug.properties}</value>
         </list>
      </property>
   </bean>
   <!-- jdbc:mysql://127.0.0.1:3306/zipcodes -->
	<bean id="testDataSource" class="com.mchange.v2.c3p0.ComboPooledDataSource" destroy-method="close">
		<property name="driverClass" value="com.mysql.jdbc.Driver"/>
		<property name="jdbcUrl" value="${db.url}" />
		<property name="user" value="${db.user}"/>
		<property name="password" value="${db.password}"/>
		<property name="minPoolSize" value="5"/>
		<property name="maxPoolSize" value="20"/>
		<property name="maxIdleTime" value="30000"/>
	</bean>
	<bean id="sessionFactory" class="org.springframework.orm.hibernate5.LocalSessionFactoryBean">
		<property name="dataSource" ref="testDataSource"/>
		<property name="packagesToScan" value="com.patrickdizon.test.entity"/>
		<property name="hibernateProperties">
			<props>
				<prop key="hibernate.dialect">org.hibernate.dialect.MySQLDialect</prop>
				<prop key="hibernate.show_sql">true</prop>
			</props>
		</property>
	</bean>
	<bean id="testTransactionManager" class="org.springframework.orm.hibernate5.HibernateTransactionManager">
		<property name="sessionFactory" ref="sessionFactory"/>
	</bean>
	<tx:annotation-driven transaction-manager="testTransactionManager"/>
</beans>
